<?xml version="1.0" encoding="UTF-8"?>
<!-- Generated by org.testng.reporters.JUnitXMLReporter -->
<testsuite hostname="Admin-PC" ignored="16" name="Test" tests="8" failures="1" timestamp="20 Oct 2017 12:39:55 GMT" time="316.365" errors="0">
  <testcase name="loginfun" time="14.808" classname="tests.TC001_LeafTapLogin"/>
  <testcase name="createLeadfun" time="47.478" classname="tests.TC002_CreateLead"/>
  <testcase name="createLeadfun" time="22.51" classname="tests.TC002_CreateLead"/>
  <testcase name="findLeadfun" time="87.014" classname="tests.TC003_FindLead">
    <failure type="java.lang.RuntimeException">
      <![CDATA[java.lang.RuntimeException
	at utils.Reports.logSteps(Reports.java:35)
	at wrappers.GenericWrappers.clickByXpath(GenericWrappers.java:227)
	at pages.FindLeadPage.clickonSearchedLead(FindLeadPage.java:34)
	at tests.TC003_FindLead.findLeadfun(TC003_FindLead.java:39)
	at java.util.concurrent.ThreadPoolExecutor.runWorker(Unknown Source)
	at java.util.concurrent.ThreadPoolExecutor$Worker.run(Unknown Source)
	at java.lang.Thread.run(Unknown Source)
... Removed 10 stack frames]]>
    </failure>
  </testcase> <!-- findLeadfun -->
  <testcase name="editfun" time="32.86" classname="tests.TC004_EditFunction"/>
  <testcase name="mergeLeadfun" time="37.436" classname="tests.TC005_MergeLeadEndtoEnd"/>
  <testcase name="createLeadfun" time="164.066" classname="tests.TC002_CreateLead"/>
  <testcase name="createLeadfun" time="18.501" classname="tests.TC002_CreateLead"/>
  <testcase name="@AfterTest afterTest" time="0.0" classname="wrappers.LeafTapWrappers">
    <ignored/>
  </testcase> <!-- @AfterTest afterTest -->
  <testcase name="@AfterTest afterTest" time="0.0" classname="wrappers.LeafTapWrappers">
    <ignored/>
  </testcase> <!-- @AfterTest afterTest -->
  <testcase name="@AfterTest afterTest" time="0.0" classname="wrappers.LeafTapWrappers">
    <ignored/>
  </testcase> <!-- @AfterTest afterTest -->
  <testcase name="@AfterTest afterTest" time="0.0" classname="wrappers.LeafTapWrappers">
    <ignored/>
  </testcase> <!-- @AfterTest afterTest -->
  <testcase name="@BeforeSuite beforeSuite" time="0.0" classname="wrappers.LeafTapWrappers">
    <ignored/>
  </testcase> <!-- @BeforeSuite beforeSuite -->
  <testcase name="@BeforeSuite beforeSuite" time="0.0" classname="wrappers.LeafTapWrappers">
    <ignored/>
  </testcase> <!-- @BeforeSuite beforeSuite -->
  <testcase name="@BeforeSuite beforeSuite" time="0.0" classname="wrappers.LeafTapWrappers">
    <ignored/>
  </testcase> <!-- @BeforeSuite beforeSuite -->
  <testcase name="@BeforeSuite beforeSuite" time="0.0" classname="wrappers.LeafTapWrappers">
    <ignored/>
  </testcase> <!-- @BeforeSuite beforeSuite -->
  <testcase name="@AfterSuite afterSuite" time="0.0" classname="wrappers.LeafTapWrappers">
    <ignored/>
  </testcase> <!-- @AfterSuite afterSuite -->
  <testcase name="@AfterSuite afterSuite" time="0.0" classname="wrappers.LeafTapWrappers">
    <ignored/>
  </testcase> <!-- @AfterSuite afterSuite -->
  <testcase name="@AfterSuite afterSuite" time="0.0" classname="wrappers.LeafTapWrappers">
    <ignored/>
  </testcase> <!-- @AfterSuite afterSuite -->
  <testcase name="@AfterSuite afterSuite" time="0.0" classname="wrappers.LeafTapWrappers">
    <ignored/>
  </testcase> <!-- @AfterSuite afterSuite -->
  <testcase name="@BeforeTest beforeTest" time="0.0" classname="wrappers.LeafTapWrappers">
    <ignored/>
  </testcase> <!-- @BeforeTest beforeTest -->
  <testcase name="@BeforeTest beforeTest" time="0.0" classname="wrappers.LeafTapWrappers">
    <ignored/>
  </testcase> <!-- @BeforeTest beforeTest -->
  <testcase name="@BeforeTest beforeTest" time="0.0" classname="wrappers.LeafTapWrappers">
    <ignored/>
  </testcase> <!-- @BeforeTest beforeTest -->
  <testcase name="@BeforeTest beforeTest" time="0.0" classname="wrappers.LeafTapWrappers">
    <ignored/>
  </testcase> <!-- @BeforeTest beforeTest -->
</testsuite> <!-- Test -->
