<?xml version="1.0" encoding="UTF-8"?>
<!-- Generated by org.testng.reporters.JUnitXMLReporter -->
<testsuite hostname="Admin-PC" ignored="8" name="Test1" tests="6" failures="0" timestamp="25 Oct 2017 06:53:29 GMT" time="325.74" errors="0">
  <testcase name="loginfun" time="11.357" classname="tests.TC001_LeafTapLogin"/>
  <testcase name="createLeadfun" time="51.541" classname="tests.TC002_CreateLead"/>
  <testcase name="createLeadfun" time="30.44" classname="tests.TC002_CreateLead"/>
  <testcase name="createLeadfun" time="19.094" classname="tests.TC002_CreateLead"/>
  <testcase name="createLeadfun" time="20.855" classname="tests.TC002_CreateLead"/>
  <testcase name="findLeadfun" time="17.051" classname="tests.TC003_FindLead"/>
  <testcase name="@AfterTest afterTest" time="0.0" classname="wrappers.LeafTapWrappers">
    <ignored/>
  </testcase> <!-- @AfterTest afterTest -->
  <testcase name="@AfterTest afterTest" time="0.0" classname="wrappers.LeafTapWrappers">
    <ignored/>
  </testcase> <!-- @AfterTest afterTest -->
  <testcase name="@AfterSuite afterSuite" time="0.0" classname="wrappers.LeafTapWrappers">
    <ignored/>
  </testcase> <!-- @AfterSuite afterSuite -->
  <testcase name="@AfterSuite afterSuite" time="0.0" classname="wrappers.LeafTapWrappers">
    <ignored/>
  </testcase> <!-- @AfterSuite afterSuite -->
  <testcase name="@BeforeSuite beforeSuite" time="0.0" classname="wrappers.LeafTapWrappers">
    <ignored/>
  </testcase> <!-- @BeforeSuite beforeSuite -->
  <testcase name="@BeforeSuite beforeSuite" time="0.0" classname="wrappers.LeafTapWrappers">
    <ignored/>
  </testcase> <!-- @BeforeSuite beforeSuite -->
  <testcase name="@BeforeTest beforeTest" time="0.0" classname="wrappers.LeafTapWrappers">
    <ignored/>
  </testcase> <!-- @BeforeTest beforeTest -->
  <testcase name="@BeforeTest beforeTest" time="0.0" classname="wrappers.LeafTapWrappers">
    <ignored/>
  </testcase> <!-- @BeforeTest beforeTest -->
</testsuite> <!-- Test1 -->
