<?xml version="1.0" encoding="UTF-8"?>
<!-- Generated by org.testng.reporters.JUnitXMLReporter -->
<testsuite hostname="Admin-PC" ignored="4" name="Test2" tests="2" failures="2" timestamp="25 Oct 2017 06:52:30 GMT" time="262.054" errors="0">
  <testcase name="editfun" time="89.971" classname="tests.TC004_EditFunction">
    <failure type="java.lang.RuntimeException">
      <![CDATA[java.lang.RuntimeException
	at utils.Reports.logSteps(Reports.java:35)
	at wrappers.GenericWrappers.clickByXpath(GenericWrappers.java:227)
	at pages.FindLeadPage.clickonSearchedLead(FindLeadPage.java:34)
	at tests.TC004_EditFunction.editfun(TC004_EditFunction.java:37)
	at java.util.concurrent.FutureTask.run(Unknown Source)
	at java.util.concurrent.ThreadPoolExecutor.runWorker(Unknown Source)
	at java.util.concurrent.ThreadPoolExecutor$Worker.run(Unknown Source)
	at java.lang.Thread.run(Unknown Source)
... Removed 16 stack frames]]>
    </failure>
  </testcase> <!-- editfun -->
  <testcase name="mergeLeadfun" time="65.795" classname="tests.TC005_MergeLeadEndtoEnd">
    <failure type="java.lang.RuntimeException">
      <![CDATA[java.lang.RuntimeException
	at utils.Reports.logSteps(Reports.java:35)
	at wrappers.GenericWrappers.clickByXpathNoSnap(GenericWrappers.java:247)
	at pages.FindLeadLookUpPage.clickonSearchedLead(FindLeadLookUpPage.java:34)
	at tests.TC005_MergeLeadEndtoEnd.mergeLeadfun(TC005_MergeLeadEndtoEnd.java:43)
	at java.util.concurrent.FutureTask.run(Unknown Source)
	at java.util.concurrent.ThreadPoolExecutor.runWorker(Unknown Source)
	at java.util.concurrent.ThreadPoolExecutor$Worker.run(Unknown Source)
	at java.lang.Thread.run(Unknown Source)
... Removed 16 stack frames]]>
    </failure>
  </testcase> <!-- mergeLeadfun -->
  <testcase name="@AfterTest afterTest" time="0.0" classname="wrappers.LeafTapWrappers">
    <ignored/>
  </testcase> <!-- @AfterTest afterTest -->
  <testcase name="@AfterSuite afterSuite" time="0.0" classname="wrappers.LeafTapWrappers">
    <ignored/>
  </testcase> <!-- @AfterSuite afterSuite -->
  <testcase name="@BeforeSuite beforeSuite" time="0.0" classname="wrappers.LeafTapWrappers">
    <ignored/>
  </testcase> <!-- @BeforeSuite beforeSuite -->
  <testcase name="@BeforeTest beforeTest" time="0.0" classname="wrappers.LeafTapWrappers">
    <ignored/>
  </testcase> <!-- @BeforeTest beforeTest -->
</testsuite> <!-- Test2 -->
