<?xml version="1.0" encoding="UTF-8"?>
<!-- Generated by org.testng.reporters.JUnitXMLReporter -->
<testsuite hostname="Admin-PC" ignored="0" name="Test1" tests="3" failures="0" timestamp="25 Oct 2017 06:38:53 GMT" time="0.106" errors="0">
  <testcase name="ispalindrome" time="0.031" classname="interviewQuestionsPractise.PalindromeCheck"/>
  <testcase name="palindromecheckforstring" time="0.006" classname="interviewQuestionsPractise.PalindromeCheck"/>
  <testcase name="seperateDuplicates" time="0.007" classname="interviewQuestionsPractise.DuplicatesinArray"/>
</testsuite> <!-- Test1 -->
