<?xml version="1.0" encoding="UTF-8"?>
<!-- Generated by org.testng.reporters.JUnitXMLReporter -->
<testsuite hostname="Admin-PC" ignored="2" name="Test" tests="2" failures="0" timestamp="11 Oct 2017 07:08:29 GMT" time="82.53" errors="0">
  <testcase name="createLead" time="54.448" classname="tests.CreateLead"/>
  <testcase name="findLead" time="27.965" classname="tests.FindLead"/>
  <testcase name="findLead" time="0.0" classname="tests.EditLead">
    <ignored/>
  </testcase> <!-- findLead -->
  <testcase name="findLead" time="0.0" classname="tests.MergeLead">
    <ignored/>
  </testcase> <!-- findLead -->
</testsuite> <!-- Test -->
